# JRE version: OpenJDK Runtime Environment (7.0_79-b14) (build 1.7.0_79-b14)
# Java VM: OpenJDK Client VM (24.79-b02 mixed mode linux-x86 )
Heap
 def new generation   total 4928K, used 4801K [0x90400000, 0x90950000, 0x9aea0000)
  eden space 4416K,  97% used [0x90400000, 0x908306f0, 0x90850000)
  from space 512K, 100% used [0x908d0000, 0x90950000, 0x90950000)
  to   space 512K,   0% used [0x90850000, 0x90850000, 0x908d0000)
 tenured generation   total 10944K, used 2220K [0x9aea0000, 0x9b950000, 0xb0400000)
   the space 10944K,  20% used [0x9aea0000, 0x9b0cb070, 0x9b0cb200, 0x9b950000)
 compacting perm gen  total 12288K, used 6880K [0xb0400000, 0xb1000000, 0xb4400000)
   the space 12288K,  55% used [0xb0400000, 0xb0ab82d8, 0xb0ab8400, 0xb1000000)
GC Heap History (6 events):
Event: 0,857 GC heap before
{Heap before GC invocations=0 (full 0):
 def new generation   total 4928K, used 4413K [0x90400000, 0x90950000, 0x9aea0000)
  eden space 4416K,  99% used [0x90400000, 0x9084f7c0, 0x90850000)
  from space 512K,   0% used [0x90850000, 0x90850000, 0x908d0000)
  to   space 512K,   0% used [0x908d0000, 0x908d0000, 0x90950000)
 tenured generation   total 10944K, used 0K [0x9aea0000, 0x9b950000, 0xb0400000)
   the space 10944K,   0% used [0x9aea0000, 0x9aea0000, 0x9aea0200, 0x9b950000)
 compacting perm gen  total 12288K, used 4310K [0xb0400000, 0xb1000000, 0xb4400000)
   the space 12288K,  35% used [0xb0400000, 0xb08359d8, 0xb0835a00, 0xb1000000)
No shared spaces configured.
Event: 0,863 GC heap after
Heap after GC invocations=1 (full 0):
 def new generation   total 4928K, used 512K [0x90400000, 0x90950000, 0x9aea0000)
  eden space 4416K,   0% used [0x90400000, 0x90400000, 0x90850000)
  from space 512K, 100% used [0x908d0000, 0x90950000, 0x90950000)
  to   space 512K,   0% used [0x90850000, 0x90850000, 0x908d0000)
 tenured generation   total 10944K, used 540K [0x9aea0000, 0x9b950000, 0xb0400000)
   the space 10944K,   4% used [0x9aea0000, 0x9af27020, 0x9af27200, 0x9b950000)
 compacting perm gen  total 12288K, used 4310K [0xb0400000, 0xb1000000, 0xb4400000)
   the space 12288K,  35% used [0xb0400000, 0xb08359d8, 0xb0835a00, 0xb1000000)
No shared spaces configured.
}
Event: 1,148 GC heap before
{Heap before GC invocations=1 (full 0):
 def new generation   total 4928K, used 4928K [0x90400000, 0x90950000, 0x9aea0000)
  eden space 4416K, 100% used [0x90400000, 0x90850000, 0x90850000)
  from space 512K, 100% used [0x908d0000, 0x90950000, 0x90950000)
  to   space 512K,   0% used [0x90850000, 0x90850000, 0x908d0000)
 tenured generation   total 10944K, used 540K [0x9aea0000, 0x9b950000, 0xb0400000)
   the space 10944K,   4% used [0x9aea0000, 0x9af27020, 0x9af27200, 0x9b950000)
 compacting perm gen  total 12288K, used 5428K [0xb0400000, 0xb1000000, 0xb4400000)
   the space 12288K,  44% used [0xb0400000, 0xb094d368, 0xb094d400, 0xb1000000)
No shared spaces configured.
Event: 1,162 GC heap after
Heap after GC invocations=2 (full 0):
 def new generation   total 4928K, used 512K [0x90400000, 0x90950000, 0x9aea0000)
  eden space 4416K,   0% used [0x90400000, 0x90400000, 0x90850000)
  from space 512K, 100% used [0x90850000, 0x908d0000, 0x908d0000)
  to   space 512K,   0% used [0x908d0000, 0x908d0000, 0x90950000)
 tenured generation   total 10944K, used 1518K [0x9aea0000, 0x9b950000, 0xb0400000)
   the space 10944K,  13% used [0x9aea0000, 0x9b01bbb0, 0x9b01bc00, 0x9b950000)
 compacting perm gen  total 12288K, used 5428K [0xb0400000, 0xb1000000, 0xb4400000)
   the space 12288K,  44% used [0xb0400000, 0xb094d368, 0xb094d400, 0xb1000000)
No shared spaces configured.
}
Event: 1,416 GC heap before
{Heap before GC invocations=2 (full 0):
 def new generation   total 4928K, used 4928K [0x90400000, 0x90950000, 0x9aea0000)
  eden space 4416K, 100% used [0x90400000, 0x90850000, 0x90850000)
  from space 512K, 100% used [0x90850000, 0x908d0000, 0x908d0000)
  to   space 512K,   0% used [0x908d0000, 0x908d0000, 0x90950000)
 tenured generation   total 10944K, used 1518K [0x9aea0000, 0x9b950000, 0xb0400000)
   the space 10944K,  13% used [0x9aea0000, 0x9b01bbb0, 0x9b01bc00, 0x9b950000)
 compacting perm gen  total 12288K, used 6637K [0xb0400000, 0xb1000000, 0xb4400000)
   the space 12288K,  54% used [0xb0400000, 0xb0a7b5a0, 0xb0a7b600, 0xb1000000)
No shared spaces configured.
Event: 1,431 GC heap after
Heap after GC invocations=3 (full 0):
 def new generation   total 4928K, used 512K [0x90400000, 0x90950000, 0x9aea0000)
  eden space 4416K,   0% used [0x90400000, 0x90400000, 0x90850000)
  from space 512K, 100% used [0x908d0000, 0x90950000, 0x90950000)
  to   space 512K,   0% used [0x90850000, 0x90850000, 0x908d0000)
 tenured generation   total 10944K, used 2220K [0x9aea0000, 0x9b950000, 0xb0400000)
   the space 10944K,  20% used [0x9aea0000, 0x9b0cb070, 0x9b0cb200, 0x9b950000)
 compacting perm gen  total 12288K, used 6637K [0xb0400000, 0xb1000000, 0xb4400000)
   the space 12288K,  54% used [0xb0400000, 0xb0a7b5a0, 0xb0a7b600, 0xb1000000)
No shared spaces configured.
}

